Performing C SOURCE FILE Test CMAKE_HAVE_LIBC_PTHREAD failed with the following output:
Change Dir: /home/zyp/src/code/build/CMakeFiles/CMakeTmp

Run Build Command(s):/usr/bin/make cmTC_b4a3f/fast && /usr/bin/make -f CMakeFiles/cmTC_b4a3f.dir/build.make CMakeFiles/cmTC_b4a3f.dir/build
make[1]: Entering directory '/home/zyp/src/code/build/CMakeFiles/CMakeTmp'
Building C object CMakeFiles/cmTC_b4a3f.dir/src.c.o
/usr/bin/gcc   -DCMAKE_HAVE_LIBC_PTHREAD   -o CMakeFiles/cmTC_b4a3f.dir/src.c.o   -c /home/zyp/src/code/build/CMakeFiles/CMakeTmp/src.c
Linking C executable cmTC_b4a3f
/usr/bin/cmake -E cmake_link_script CMakeFiles/cmTC_b4a3f.dir/link.txt --verbose=1
/usr/bin/gcc  -DCMAKE_HAVE_LIBC_PTHREAD    CMakeFiles/cmTC_b4a3f.dir/src.c.o  -o cmTC_b4a3f 
/usr/bin/ld: CMakeFiles/cmTC_b4a3f.dir/src.c.o: in function `main':
src.c:(.text+0x46): undefined reference to `pthread_create'
/usr/bin/ld: src.c:(.text+0x52): undefined reference to `pthread_detach'
/usr/bin/ld: src.c:(.text+0x63): undefined reference to `pthread_join'
collect2: error: ld returned 1 exit status
make[1]: *** [CMakeFiles/cmTC_b4a3f.dir/build.make:87: cmTC_b4a3f] Error 1
make[1]: Leaving directory '/home/zyp/src/code/build/CMakeFiles/CMakeTmp'
make: *** [Makefile:121: cmTC_b4a3f/fast] Error 2


Source file was:
#include <pthread.h>

void* test_func(void* data)
{
  return data;
}

int main(void)
{
  pthread_t thread;
  pthread_create(&thread, NULL, test_func, NULL);
  pthread_detach(thread);
  pthread_join(thread, NULL);
  pthread_atfork(NULL, NULL, NULL);
  pthread_exit(NULL);

  return 0;
}

Determining if the function pthread_create exists in the pthreads failed with the following output:
Change Dir: /home/zyp/src/code/build/CMakeFiles/CMakeTmp

Run Build Command(s):/usr/bin/make cmTC_79278/fast && /usr/bin/make -f CMakeFiles/cmTC_79278.dir/build.make CMakeFiles/cmTC_79278.dir/build
make[1]: Entering directory '/home/zyp/src/code/build/CMakeFiles/CMakeTmp'
Building C object CMakeFiles/cmTC_79278.dir/CheckFunctionExists.c.o
/usr/bin/gcc   -DCHECK_FUNCTION_EXISTS=pthread_create   -o CMakeFiles/cmTC_79278.dir/CheckFunctionExists.c.o   -c /usr/share/cmake-3.16/Modules/CheckFunctionExists.c
Linking C executable cmTC_79278
/usr/bin/cmake -E cmake_link_script CMakeFiles/cmTC_79278.dir/link.txt --verbose=1
/usr/bin/gcc  -DCHECK_FUNCTION_EXISTS=pthread_create    CMakeFiles/cmTC_79278.dir/CheckFunctionExists.c.o  -o cmTC_79278  -lpthreads 
/usr/bin/ld: cannot find -lpthreads
collect2: error: ld returned 1 exit status
make[1]: *** [CMakeFiles/cmTC_79278.dir/build.make:87: cmTC_79278] Error 1
make[1]: Leaving directory '/home/zyp/src/code/build/CMakeFiles/CMakeTmp'
make: *** [Makefile:121: cmTC_79278/fast] Error 2



Performing C SOURCE FILE Test CMAKE_HAVE_LIBC_PTHREAD failed with the following output:
Change Dir: /home/zyp/src/code/build/CMakeFiles/CMakeTmp

Run Build Command(s):/usr/bin/make cmTC_a7db7/fast && /usr/bin/make -f CMakeFiles/cmTC_a7db7.dir/build.make CMakeFiles/cmTC_a7db7.dir/build
make[1]: Entering directory '/home/zyp/src/code/build/CMakeFiles/CMakeTmp'
Building C object CMakeFiles/cmTC_a7db7.dir/src.c.o
/usr/bin/gcc   -DCMAKE_HAVE_LIBC_PTHREAD   -o CMakeFiles/cmTC_a7db7.dir/src.c.o   -c /home/zyp/src/code/build/CMakeFiles/CMakeTmp/src.c
Linking C executable cmTC_a7db7
/usr/bin/cmake -E cmake_link_script CMakeFiles/cmTC_a7db7.dir/link.txt --verbose=1
/usr/bin/gcc  -DCMAKE_HAVE_LIBC_PTHREAD    CMakeFiles/cmTC_a7db7.dir/src.c.o  -o cmTC_a7db7 
/usr/bin/ld: CMakeFiles/cmTC_a7db7.dir/src.c.o: in function `main':
src.c:(.text+0x46): undefined reference to `pthread_create'
/usr/bin/ld: src.c:(.text+0x52): undefined reference to `pthread_detach'
/usr/bin/ld: src.c:(.text+0x63): undefined reference to `pthread_join'
collect2: error: ld returned 1 exit status
make[1]: *** [CMakeFiles/cmTC_a7db7.dir/build.make:87: cmTC_a7db7] Error 1
make[1]: Leaving directory '/home/zyp/src/code/build/CMakeFiles/CMakeTmp'
make: *** [Makefile:121: cmTC_a7db7/fast] Error 2


Source file was:
#include <pthread.h>

void* test_func(void* data)
{
  return data;
}

int main(void)
{
  pthread_t thread;
  pthread_create(&thread, NULL, test_func, NULL);
  pthread_detach(thread);
  pthread_join(thread, NULL);
  pthread_atfork(NULL, NULL, NULL);
  pthread_exit(NULL);

  return 0;
}

Determining if the function pthread_create exists in the pthreads failed with the following output:
Change Dir: /home/zyp/src/code/build/CMakeFiles/CMakeTmp

Run Build Command(s):/usr/bin/make cmTC_315eb/fast && /usr/bin/make -f CMakeFiles/cmTC_315eb.dir/build.make CMakeFiles/cmTC_315eb.dir/build
make[1]: Entering directory '/home/zyp/src/code/build/CMakeFiles/CMakeTmp'
Building C object CMakeFiles/cmTC_315eb.dir/CheckFunctionExists.c.o
/usr/bin/gcc   -DCHECK_FUNCTION_EXISTS=pthread_create   -o CMakeFiles/cmTC_315eb.dir/CheckFunctionExists.c.o   -c /usr/share/cmake-3.16/Modules/CheckFunctionExists.c
Linking C executable cmTC_315eb
/usr/bin/cmake -E cmake_link_script CMakeFiles/cmTC_315eb.dir/link.txt --verbose=1
/usr/bin/gcc  -DCHECK_FUNCTION_EXISTS=pthread_create    CMakeFiles/cmTC_315eb.dir/CheckFunctionExists.c.o  -o cmTC_315eb  -lpthreads 
/usr/bin/ld: cannot find -lpthreads
collect2: error: ld returned 1 exit status
make[1]: *** [CMakeFiles/cmTC_315eb.dir/build.make:87: cmTC_315eb] Error 1
make[1]: Leaving directory '/home/zyp/src/code/build/CMakeFiles/CMakeTmp'
make: *** [Makefile:121: cmTC_315eb/fast] Error 2



